<?xml version="1.0" encoding="UTF-8"?>
<!-- Generated by org.testng.reporters.JUnitXMLReporter -->
<testsuite ignored="0" hostname="LAPTOP-RT468NBA" failures="0" tests="15" name="Default test" time="30.241" errors="0" timestamp="2024-07-21T22:31:26 IST">
  <testcase classname="api.test.DataDrivenTests" name="testPostUser" time="4.846"/>
  <testcase classname="api.test.DataDrivenTests" name="testPostUser" time="1.502"/>
  <testcase classname="api.test.DataDrivenTests" name="testPostUser" time="1.706"/>
  <testcase classname="api.test.DataDrivenTests" name="testPostUser" time="1.471"/>
  <testcase classname="api.test.DataDrivenTests" name="testPostUser" time="1.493"/>
  <testcase classname="api.test.DataDrivenTests" name="testGetUser" time="1.68"/>
  <testcase classname="api.test.DataDrivenTests" name="testGetUser" time="1.905"/>
  <testcase classname="api.test.DataDrivenTests" name="testGetUser" time="1.504"/>
  <testcase classname="api.test.DataDrivenTests" name="testGetUser" time="1.448"/>
  <testcase classname="api.test.DataDrivenTests" name="testGetUser" time="1.505"/>
  <testcase classname="api.test.DataDrivenTests" name="testDeleteUser" time="1.59"/>
  <testcase classname="api.test.DataDrivenTests" name="testDeleteUser" time="1.597"/>
  <testcase classname="api.test.DataDrivenTests" name="testDeleteUser" time="1.499"/>
  <testcase classname="api.test.DataDrivenTests" name="testDeleteUser" time="1.51"/>
  <testcase classname="api.test.DataDrivenTests" name="testDeleteUser" time="1.469"/>
</testsuite> <!-- Default test -->
