<?xml version="1.0" encoding="UTF-8"?>
<!-- Generated by org.testng.reporters.JUnitXMLReporter -->
<testsuite ignored="0" hostname="LAPTOP-RT468NBA" failures="0" tests="4" name="PetTest" time="12.528" errors="0" timestamp="2024-07-24T11:14:33 IST">
  <testcase classname="api.test.UserTests" name="testPostUser" time="5.809"/>
  <testcase classname="api.test.UserTests" name="testGetUserByName" time="1.444"/>
  <testcase classname="api.test.UserTests" name="testUpdateUserByName" time="3.28"/>
  <testcase classname="api.test.UserTests" name="testDeleteUserByName" time="1.434"/>
</testsuite> <!-- PetTest -->
