<?xml version="1.0" encoding="UTF-8"?>
<!-- Generated by org.testng.reporters.JUnitXMLReporter -->
<testsuite ignored="0" hostname="LAPTOP-RT468NBA" failures="0" tests="4" name="PetTest" time="14.378" errors="0" timestamp="2024-07-24T12:54:31 IST">
  <testcase classname="api.test.UserTests" name="testPostUser" time="7.062"/>
  <testcase classname="api.test.UserTests" name="testGetUserByName" time="1.567"/>
  <testcase classname="api.test.UserTests" name="testUpdateUserByName" time="3.151"/>
  <testcase classname="api.test.UserTests" name="testDeleteUserByName" time="1.556"/>
</testsuite> <!-- PetTest -->
