<?xml version="1.0" encoding="UTF-8"?>
<testng-results ignored="0" total="4" passed="4" failed="0" skipped="0">
  <reporter-output>
  </reporter-output>
  <suite started-at="2024-07-24T12:54:16 IST" name="PetProjectTesting" finished-at="2024-07-24T12:54:31 IST" duration-ms="14378">
    <groups>
    </groups>
    <test started-at="2024-07-24T12:54:16 IST" name="PetTest" finished-at="2024-07-24T12:54:31 IST" duration-ms="14378">
      <class name="api.test.UserTests">
        <test-method is-config="true" signature="setupData()[pri:0, instance:api.test.UserTests@306f16f3]" started-at="2024-07-24T12:54:16 IST" name="setupData" finished-at="2024-07-24T12:54:17 IST" duration-ms="907" status="PASS">
          <reporter-output>
          </reporter-output>
        </test-method> <!-- setupData -->
        <test-method signature="testPostUser()[pri:1, instance:api.test.UserTests@306f16f3]" started-at="2024-07-24T12:54:17 IST" name="testPostUser" finished-at="2024-07-24T12:54:24 IST" duration-ms="7062" status="PASS">
          <reporter-output>
          </reporter-output>
        </test-method> <!-- testPostUser -->
        <test-method signature="testGetUserByName()[pri:2, instance:api.test.UserTests@306f16f3]" started-at="2024-07-24T12:54:24 IST" name="testGetUserByName" finished-at="2024-07-24T12:54:26 IST" duration-ms="1567" status="PASS">
          <reporter-output>
          </reporter-output>
        </test-method> <!-- testGetUserByName -->
        <test-method signature="testUpdateUserByName()[pri:3, instance:api.test.UserTests@306f16f3]" started-at="2024-07-24T12:54:26 IST" name="testUpdateUserByName" finished-at="2024-07-24T12:54:29 IST" duration-ms="3151" status="PASS">
          <reporter-output>
          </reporter-output>
        </test-method> <!-- testUpdateUserByName -->
        <test-method signature="testDeleteUserByName()[pri:4, instance:api.test.UserTests@306f16f3]" started-at="2024-07-24T12:54:29 IST" name="testDeleteUserByName" finished-at="2024-07-24T12:54:31 IST" duration-ms="1556" status="PASS">
          <reporter-output>
          </reporter-output>
        </test-method> <!-- testDeleteUserByName -->
      </class> <!-- api.test.UserTests -->
    </test> <!-- PetTest -->
  </suite> <!-- PetProjectTesting -->
</testng-results>
