<?xml version="1.0" encoding="UTF-8"?>
<testng-results ignored="0" total="4" passed="4" failed="0" skipped="0">
  <reporter-output>
  </reporter-output>
  <suite started-at="2024-07-24T11:14:20 IST" name="PetProjectTesting" finished-at="2024-07-24T11:14:33 IST" duration-ms="12528">
    <groups>
    </groups>
    <test started-at="2024-07-24T11:14:20 IST" name="PetTest" finished-at="2024-07-24T11:14:33 IST" duration-ms="12528">
      <class name="api.test.UserTests">
        <test-method is-config="true" signature="setupData()[pri:0, instance:api.test.UserTests@46cdf8bd]" started-at="2024-07-24T11:14:20 IST" name="setupData" finished-at="2024-07-24T11:14:21 IST" duration-ms="461" status="PASS">
          <reporter-output>
          </reporter-output>
        </test-method> <!-- setupData -->
        <test-method signature="testPostUser()[pri:1, instance:api.test.UserTests@46cdf8bd]" started-at="2024-07-24T11:14:21 IST" name="testPostUser" finished-at="2024-07-24T11:14:27 IST" duration-ms="5809" status="PASS">
          <reporter-output>
          </reporter-output>
        </test-method> <!-- testPostUser -->
        <test-method signature="testGetUserByName()[pri:2, instance:api.test.UserTests@46cdf8bd]" started-at="2024-07-24T11:14:27 IST" name="testGetUserByName" finished-at="2024-07-24T11:14:28 IST" duration-ms="1444" status="PASS">
          <reporter-output>
          </reporter-output>
        </test-method> <!-- testGetUserByName -->
        <test-method signature="testUpdateUserByName()[pri:3, instance:api.test.UserTests@46cdf8bd]" started-at="2024-07-24T11:14:28 IST" name="testUpdateUserByName" finished-at="2024-07-24T11:14:31 IST" duration-ms="3280" status="PASS">
          <reporter-output>
          </reporter-output>
        </test-method> <!-- testUpdateUserByName -->
        <test-method signature="testDeleteUserByName()[pri:4, instance:api.test.UserTests@46cdf8bd]" started-at="2024-07-24T11:14:31 IST" name="testDeleteUserByName" finished-at="2024-07-24T11:14:33 IST" duration-ms="1434" status="PASS">
          <reporter-output>
          </reporter-output>
        </test-method> <!-- testDeleteUserByName -->
      </class> <!-- api.test.UserTests -->
    </test> <!-- PetTest -->
  </suite> <!-- PetProjectTesting -->
</testng-results>
